[10:14:58] [info] Vox: Creating window VoxGL Engine (1280, 720)
[10:14:58] [info] Vox: OpenGL Info:
[10:14:58] [info] Vox:   Vendor: Intel
[10:14:58] [info] Vox:   Renderer: Intel(R) Iris(R) Xe Graphics
[10:14:58] [info] Vox:   Version: 4.6.0 - Build 30.0.101.1692
[10:14:59] [info] App: MouseMovedEvent: 1179, 200
[10:14:59] [info] App: MouseMovedEvent: 1184, 199
[10:14:59] [info] App: MouseMovedEvent: 1185, 199
[10:14:59] [info] App: MouseMovedEvent: 1197, 195
[10:14:59] [info] App: MouseMovedEvent: 1217, 188
[10:14:59] [info] App: MouseMovedEvent: 1220, 186
[10:14:59] [info] App: MouseMovedEvent: 1222, 184
[10:14:59] [info] App: MouseMovedEvent: 1243, 168
[10:14:59] [info] App: MouseMovedEvent: 1246, 167
[10:14:59] [info] App: MouseMovedEvent: 1254, 155
[10:14:59] [info] App: MouseMovedEvent: 1256, 152
[10:14:59] [info] App: MouseMovedEvent: 1261, 132
[10:14:59] [info] App: MouseMovedEvent: 1261, 112
[10:14:59] [info] App: MouseMovedEvent: 1261, 109
[10:14:59] [info] App: MouseMovedEvent: 1261, 101
[10:14:59] [info] App: MouseMovedEvent: 1260, 77
[10:14:59] [info] App: MouseMovedEvent: 1259, 73
[10:14:59] [info] App: MouseMovedEvent: 1253, 52
[10:14:59] [info] App: MouseMovedEvent: 1248, 44
[10:14:59] [info] App: MouseMovedEvent: 1247, 42
[10:14:59] [info] App: MouseMovedEvent: 1247, 41
[10:14:59] [info] App: MouseMovedEvent: 1248, 33
[10:14:59] [info] App: MouseMovedEvent: 1250, 24
[10:14:59] [info] App: MouseMovedEvent: 1250, 23
[10:14:59] [info] App: MouseMovedEvent: 1251, 17
[10:14:59] [info] App: MouseMovedEvent: 1251, 14
[10:14:59] [info] App: MouseMovedEvent: 1251, 13
[10:14:59] [info] App: MouseMovedEvent: 1251, 11
[10:14:59] [info] App: MouseMovedEvent: 1251, 8
[10:14:59] [info] App: MouseMovedEvent: 1252, 4
[10:14:59] [info] App: MouseMovedEvent: 1252, 3
[10:14:59] [info] App: MouseMovedEvent: 1253, 0
