[17:09:54] [info] Vox: Creating window VoxGL-Editor (1600, 900)
[17:09:54] [info] Vox: OpenGL Info:
[17:09:54] [info] Vox:   Vendor: Intel
[17:09:54] [info] Vox:   Renderer: Intel(R) Iris(R) Xe Graphics
[17:09:54] [info] Vox:   Version: 4.6.0 - Build 30.0.101.1692
[17:09:54] [trace] Vox: OpenGLShader::Reflect - GL_VERTEX_SHADER Assets/Shaders/Renderer2D_Quad.glsl
[17:09:54] [trace] Vox:     1 uniform buffers
[17:09:54] [trace] Vox:     0 resources
[17:09:54] [trace] Vox: Uniform buffers:
[17:09:54] [trace] Vox:   _46_48
[17:09:54] [trace] Vox:     Size = 64
[17:09:54] [trace] Vox:     Binding = 0
[17:09:54] [trace] Vox:     Members = 1
[17:09:54] [trace] Vox: OpenGLShader::Reflect - GL_FRAGMENT_SHADER Assets/Shaders/Renderer2D_Quad.glsl
[17:09:54] [trace] Vox:     0 uniform buffers
[17:09:54] [trace] Vox:     1 resources
[17:09:54] [trace] Vox: Uniform buffers:
[17:09:54] [warning] Vox: Shader creation took 115.197 ms
[17:09:55] [trace] Vox: OpenGLShader::Reflect - GL_VERTEX_SHADER Assets/Shaders/Renderer2D_Circle.glsl
[17:09:55] [trace] Vox:     1 uniform buffers
[17:09:55] [trace] Vox:     0 resources
[17:09:55] [trace] Vox: Uniform buffers:
[17:09:55] [trace] Vox:   _47_49
[17:09:55] [trace] Vox:     Size = 64
[17:09:55] [trace] Vox:     Binding = 0
[17:09:55] [trace] Vox:     Members = 1
[17:09:55] [trace] Vox: OpenGLShader::Reflect - GL_FRAGMENT_SHADER Assets/Shaders/Renderer2D_Circle.glsl
[17:09:55] [trace] Vox:     0 uniform buffers
[17:09:55] [trace] Vox:     0 resources
[17:09:55] [trace] Vox: Uniform buffers:
[17:09:55] [warning] Vox: Shader creation took 58.2414 ms
[17:09:58] [trace] Vox: OpenGLShader::Reflect - GL_VERTEX_SHADER Assets/Shaders/Renderer2D_Line.glsl
[17:09:58] [trace] Vox:     1 uniform buffers
[17:09:58] [trace] Vox:     0 resources
[17:09:58] [trace] Vox: Uniform buffers:
[17:09:58] [trace] Vox:   _30_32
[17:09:58] [trace] Vox:     Size = 64
[17:09:58] [trace] Vox:     Binding = 0
[17:09:58] [trace] Vox:     Members = 1
[17:09:58] [trace] Vox: OpenGLShader::Reflect - GL_FRAGMENT_SHADER Assets/Shaders/Renderer2D_Line.glsl
[17:09:58] [trace] Vox:     0 uniform buffers
[17:09:58] [trace] Vox:     0 resources
[17:09:58] [trace] Vox: Uniform buffers:
[17:10:00] [warning] Vox: Shader creation took 5396.32 ms
[17:10:06] [trace] Vox: Deserializing scene 'Untitled'
[17:10:06] [trace] Vox: Deserialized entity with ID = 13371936982824030946, name = Circle
[17:10:06] [trace] Vox: Deserialized entity with ID = 17507861256407132180, name = MainCamera
[17:10:06] [trace] Vox: Deserialized entity with ID = 5101846008079424324, name = Plane
[17:10:06] [trace] Vox: Deserialized entity with ID = 15397533330315033756, name = Cube
